e:\onedrivelocation\onedrive - buet\documents\visual studio 2022\dev\projects\project1\project1\x64\debug\vc142.pdb
e:\onedrivelocation\onedrive - buet\documents\visual studio 2022\dev\projects\project1\project1\x64\debug\vc142.idb
e:\onedrivelocation\onedrive - buet\documents\visual studio 2022\dev\projects\project1\project1\x64\debug\main.nativecodeanalysis.sarif
e:\onedrivelocation\onedrive - buet\documents\visual studio 2022\dev\projects\project1\project1\x64\debug\main.nativecodeanalysis.xml
e:\onedrivelocation\onedrive - buet\documents\visual studio 2022\dev\projects\project1\project1\x64\debug\main.obj
e:\onedrivelocation\onedrive - buet\documents\visual studio 2022\dev\projects\project1\project1\x64\debug\project1.ilk
e:\onedrivelocation\onedrive - buet\documents\visual studio 2022\dev\projects\project1\x64\debug\project1.exe
e:\onedrivelocation\onedrive - buet\documents\visual studio 2022\dev\projects\project1\x64\debug\project1.pdb
g:\wsl2_ubuntu\c_sharp\oop_c++\practice\class_08\project1\project1\x64\debug\main.obj
g:\wsl2_ubuntu\c_sharp\oop_c++\practice\class_08\project1\project1\x64\debug\project1.ilk
g:\wsl2_ubuntu\c_sharp\oop_c++\practice\class_08\project1\project1\x64\debug\nativecodeanalysis.read.1.tlog
g:\wsl2_ubuntu\c_sharp\oop_c++\practice\class_08\project1\project1\x64\debug\vc142.idb
g:\wsl2_ubuntu\c_sharp\oop_c++\practice\class_08\project1\project1\x64\debug\vc142.pdb
g:\wsl2_ubuntu\c_sharp\oop_c++\practice\class_08\project1\project1\x64\debug\main.nativecodeanalysis.xml
g:\wsl2_ubuntu\c_sharp\oop_c++\practice\class_08\project1\project1\x64\debug\vc.nativecodeanalysis.all.xml
g:\wsl2_ubuntu\c_sharp\oop_c++\practice\class_08\project1\x64\debug\project1.pdb
g:\wsl2_ubuntu\c_sharp\oop_c++\practice\class_08\project1\x64\debug\project1.exe
g:\wsl2_ubuntu\c_sharp\oop_c++\practice\class_08\project1\project1\x64\debug\project1.tlog\cl.command.1.tlog
g:\wsl2_ubuntu\c_sharp\oop_c++\practice\class_08\project1\project1\x64\debug\project1.tlog\cl.read.1.tlog
g:\wsl2_ubuntu\c_sharp\oop_c++\practice\class_08\project1\project1\x64\debug\project1.tlog\cl.write.1.tlog
g:\wsl2_ubuntu\c_sharp\oop_c++\practice\class_08\project1\project1\x64\debug\project1.tlog\link.command.1.tlog
g:\wsl2_ubuntu\c_sharp\oop_c++\practice\class_08\project1\project1\x64\debug\project1.tlog\link.read.1.tlog
g:\wsl2_ubuntu\c_sharp\oop_c++\practice\class_08\project1\project1\x64\debug\project1.tlog\link.write.1.tlog
